[16:56:16] [ServerMain/INFO]: Environment: Environment[sessionHost=https://sessionserver.mojang.com, servicesHost=https://api.minecraftservices.com, profilesHost=https://api.mojang.com, name=PROD]
[16:56:19] [ServerMain/INFO]: Loaded 1461 recipes
[16:56:19] [ServerMain/INFO]: Loaded 1574 advancements
[16:56:19] [Server thread/INFO]: Starting minecraft server version 1.21.10
[16:56:19] [Server thread/INFO]: Loading properties
[16:56:19] [Server thread/INFO]: Default game type: SURVIVAL
[16:56:19] [Server thread/INFO]: Generating keypair
[16:56:19] [Server thread/INFO]: Starting Minecraft server on *:25565
[16:56:19] [Server thread/INFO]: Using epoll channel type
[16:56:19] [Server thread/WARN]: **** SERVER IS RUNNING IN OFFLINE/INSECURE MODE!
[16:56:19] [Server thread/WARN]: The server will make no attempt to authenticate usernames. Beware.
[16:56:19] [Server thread/WARN]: While this makes the game possible to play without internet access, it also opens up the ability for hackers to connect with any username they choose.
[16:56:19] [Server thread/WARN]: To change this, set "online-mode" to "true" in the server.properties file.
[16:56:19] [Server thread/INFO]: Preparing level "world"
[16:56:20] [Server thread/INFO]: Loading 0 persistent chunks...
[16:56:20] [Server thread/INFO]: Preparing spawn area: 100%
[16:56:20] [Server thread/INFO]: Time elapsed: 17 ms
[16:56:20] [Server thread/INFO]: Done (0.550s)! For help, type "help"
[16:56:43] [Server thread/INFO]: chino555[/10.242.90.119:65311] logged in with entity id 64 at (-8751.467863440472, 66.53584062504456, 24480.021652775296)
[16:56:43] [Server thread/INFO]: chino555 joined the game
[16:57:07] [Server thread/INFO]: hoa_xd[/10.242.148.126:56563] logged in with entity id 934 at (-8685.378937741341, 67.0, 24496.30000001192)
[16:57:07] [Server thread/INFO]: hoa_xd joined the game
[16:57:11] [Server thread/INFO]: hoa_xd lost connection: Disconnected
[16:57:11] [Server thread/INFO]: hoa_xd left the game
[16:57:14] [Server thread/INFO]: hoa_xd[/10.242.148.126:56573] logged in with entity id 980 at (-8688.485436663834, 67.0, 24488.092164129343)
[16:57:14] [Server thread/INFO]: hoa_xd joined the game
[16:57:19] [Server thread/INFO]: Axel[/10.242.96.252:51819] logged in with entity id 1105 at (1055.6090055469265, 83.69219282615487, -4218.412012967067)
[16:57:19] [Server thread/INFO]: Axel joined the game
[16:59:48] [Server thread/INFO]: UPFUTX_300[/10.242.149.228:58829] logged in with entity id 3409 at (-8684.576151920419, 67.0, 24506.127142032838)
[16:59:48] [Server thread/INFO]: UPFUTX_300 joined the game
[17:00:29] [Server thread/INFO]: [Not Secure] <hoa_xd> -8655 24492
[17:00:37] [Server thread/INFO]: [Not Secure] <chino555> -8659 66 24485
[17:05:07] [Server thread/INFO]: Teleported Axel to UPFUTX_300
